d:\ke课\面向对象程序设计\vs2017_opengl\havefundrivingplane\havefundrivingplane\x64\debug\havefundrivingplane.pch
d:\ke课\面向对象程序设计\vs2017_opengl\havefundrivingplane\havefundrivingplane\x64\debug\vc141.pdb
d:\ke课\面向对象程序设计\vs2017_opengl\havefundrivingplane\havefundrivingplane\x64\debug\vc141.idb
d:\ke课\面向对象程序设计\vs2017_opengl\havefundrivingplane\havefundrivingplane\x64\debug\pch.obj
d:\ke课\面向对象程序设计\vs2017_opengl\havefundrivingplane\havefundrivingplane\x64\debug\texture_water.obj
d:\ke课\面向对象程序设计\vs2017_opengl\havefundrivingplane\havefundrivingplane\x64\debug\singleton.obj
d:\ke课\面向对象程序设计\vs2017_opengl\havefundrivingplane\havefundrivingplane\x64\debug\model_plane.obj
d:\ke课\面向对象程序设计\vs2017_opengl\havefundrivingplane\havefundrivingplane\x64\debug\model_house.obj
d:\ke课\面向对象程序设计\vs2017_opengl\havefundrivingplane\havefundrivingplane\x64\debug\mainfrm.obj
d:\ke课\面向对象程序设计\vs2017_opengl\havefundrivingplane\havefundrivingplane\x64\debug\loadpmbimagefile.obj
d:\ke课\面向对象程序设计\vs2017_opengl\havefundrivingplane\havefundrivingplane\x64\debug\havefundrivingplaneview.obj
d:\ke课\面向对象程序设计\vs2017_opengl\havefundrivingplane\havefundrivingplane\x64\debug\havefundrivingplanedoc.obj
d:\ke课\面向对象程序设计\vs2017_opengl\havefundrivingplane\havefundrivingplane\x64\debug\havefundrivingplane.obj
d:\ke课\面向对象程序设计\vs2017_opengl\havefundrivingplane\havefundrivingplane\x64\debug\globalmap.obj
d:\ke课\面向对象程序设计\vs2017_opengl\havefundrivingplane\havefundrivingplane\x64\debug\canvas_sky.obj
d:\ke课\面向对象程序设计\vs2017_opengl\havefundrivingplane\x64\debug\havefundrivingplane.exe
d:\ke课\面向对象程序设计\vs2017_opengl\havefundrivingplane\x64\debug\havefundrivingplane.ilk
d:\ke课\面向对象程序设计\vs2017_opengl\havefundrivingplane\x64\debug\havefundrivingplane.pdb
d:\ke课\面向对象程序设计\vs2017_opengl\havefundrivingplane\havefundrivingplane\x64\debug\havefundrivingplane.res
d:\ke课\面向对象程序设计\vs2017_opengl\havefundrivingplane\havefundrivingplane\x64\debug\havefund.e813d213.tlog\cl.command.1.tlog
d:\ke课\面向对象程序设计\vs2017_opengl\havefundrivingplane\havefundrivingplane\x64\debug\havefund.e813d213.tlog\cl.read.1.tlog
d:\ke课\面向对象程序设计\vs2017_opengl\havefundrivingplane\havefundrivingplane\x64\debug\havefund.e813d213.tlog\cl.write.1.tlog
d:\ke课\面向对象程序设计\vs2017_opengl\havefundrivingplane\havefundrivingplane\x64\debug\havefund.e813d213.tlog\link.command.1.tlog
d:\ke课\面向对象程序设计\vs2017_opengl\havefundrivingplane\havefundrivingplane\x64\debug\havefund.e813d213.tlog\link.read.1.tlog
d:\ke课\面向对象程序设计\vs2017_opengl\havefundrivingplane\havefundrivingplane\x64\debug\havefund.e813d213.tlog\link.write.1.tlog
d:\ke课\面向对象程序设计\vs2017_opengl\havefundrivingplane\havefundrivingplane\x64\debug\havefund.e813d213.tlog\rc.command.1.tlog
d:\ke课\面向对象程序设计\vs2017_opengl\havefundrivingplane\havefundrivingplane\x64\debug\havefund.e813d213.tlog\rc.read.1.tlog
d:\ke课\面向对象程序设计\vs2017_opengl\havefundrivingplane\havefundrivingplane\x64\debug\havefund.e813d213.tlog\rc.write.1.tlog
